#! /usr/bin/vvp
:ivl_version "12.0 (stable)";
:ivl_delay_selection "TYPICAL";
:vpi_time_precision - 12;
:vpi_module "/usr/lib/x86_64-linux-gnu/ivl/system.vpi";
:vpi_module "/usr/lib/x86_64-linux-gnu/ivl/vhdl_sys.vpi";
:vpi_module "/usr/lib/x86_64-linux-gnu/ivl/vhdl_textio.vpi";
:vpi_module "/usr/lib/x86_64-linux-gnu/ivl/v2005_math.vpi";
:vpi_module "/usr/lib/x86_64-linux-gnu/ivl/va_math.vpi";
S_0x55c295d1eb80 .scope module, "tb_avsdpll" "tb_avsdpll" 2 3;
 .timescale -9 -12;
v0x55c295d34240_0 .net "CLK", 0 0, v0x55c295d1ef30_0;  1 drivers
v0x55c295d34300_0 .var "ENb_CP", 0 0;
v0x55c295d343d0_0 .var "ENb_VCO", 0 0;
v0x55c295d344d0_0 .var "REF", 0 0;
v0x55c295d345a0_0 .var "VCO_IN", 0 0;
S_0x55c295d1ed10 .scope module, "dut" "avsdpll" 2 14, 3 1 0, S_0x55c295d1eb80;
 .timescale 0 0;
    .port_info 0 /OUTPUT 1 "CLK";
    .port_info 1 /INPUT 1 "VCO_IN";
    .port_info 2 /INPUT 1 "ENb_CP";
    .port_info 3 /INPUT 1 "ENb_VCO";
    .port_info 4 /INPUT 1 "REF";
v0x55c295d1ef30_0 .var "CLK", 0 0;
v0x55c295d33c00_0 .net "ENb_CP", 0 0, v0x55c295d34300_0;  1 drivers
v0x55c295d33cc0_0 .net "ENb_VCO", 0 0, v0x55c295d343d0_0;  1 drivers
v0x55c295d33d90_0 .net "REF", 0 0, v0x55c295d344d0_0;  1 drivers
v0x55c295d33e50_0 .net "VCO_IN", 0 0, v0x55c295d345a0_0;  1 drivers
v0x55c295d33f60_0 .var/real "lastedge", 0 0;
v0x55c295d34020_0 .var/real "period", 0 0;
v0x55c295d340e0_0 .var/real "refpd", 0 0;
E_0x55c295d1b880 .event posedge, v0x55c295d33d90_0;
E_0x55c295d1b700 .event anyedge, v0x55c295d33cc0_0, v0x55c295d1ef30_0;
    .scope S_0x55c295d1ed10;
T_0 ;
    %pushi/real 0, 4065; load=0.00000
    %store/real v0x55c295d33f60_0;
    %pushi/real 1677721600, 4070; load=25.0000
    %store/real v0x55c295d34020_0;
    %pushi/vec4 0, 0, 1;
    %assign/vec4 v0x55c295d1ef30_0, 0;
    %end;
    .thread T_0;
    .scope S_0x55c295d1ed10;
T_1 ;
    %wait E_0x55c295d1b700;
    %load/vec4 v0x55c295d33cc0_0;
    %cmpi/e 1, 0, 1;
    %jmp/0xz  T_1.0, 4;
    %load/real v0x55c295d34020_0;
    %pushi/real 1073741824, 4067; load=2.00000
    %div/wr;
    %pushi/real 1073741824, 4066; load=1.00000
    %mul/wr;
    %cvt/vr 64;
    %pushi/vec4 3906250000, 0, 56;
    %concati/vec4 0, 0, 8;
    %mul;
    %ix/vec4 4;
    %delayx 4;
    %load/vec4 v0x55c295d1ef30_0;
    %pushi/vec4 0, 0, 1;
    %cmp/e;
    %flag_get/vec4 6;
    %assign/vec4 v0x55c295d1ef30_0, 0;
    %jmp T_1.1;
T_1.0 ;
    %load/vec4 v0x55c295d33cc0_0;
    %cmpi/e 0, 0, 1;
    %jmp/0xz  T_1.2, 4;
    %pushi/vec4 0, 0, 1;
    %assign/vec4 v0x55c295d1ef30_0, 0;
    %jmp T_1.3;
T_1.2 ;
    %pushi/vec4 1, 1, 1;
    %assign/vec4 v0x55c295d1ef30_0, 0;
T_1.3 ;
T_1.1 ;
    %jmp T_1;
    .thread T_1, $push;
    .scope S_0x55c295d1ed10;
T_2 ;
    %wait E_0x55c295d1b880;
    %pushi/real 0, 4065; load=0.00000
    %load/real v0x55c295d33f60_0;
    %cmp/wr;
    %jmp/0xz  T_2.0, 5;
    %vpi_func/r 3 33 "$realtime" {0 0 0};
    %load/real v0x55c295d33f60_0;
    %sub/wr;
    %store/real v0x55c295d340e0_0;
    %load/real v0x55c295d340e0_0;
    %pushi/real 1073741824, 4069; load=8.00000
    %div/wr;
    %store/real v0x55c295d34020_0;
T_2.0 ;
    %vpi_func/r 3 38 "$realtime" {0 0 0};
    %store/real v0x55c295d33f60_0;
    %jmp T_2;
    .thread T_2;
    .scope S_0x55c295d1eb80;
T_3 ;
    %pushi/vec4 0, 0, 1;
    %store/vec4 v0x55c295d344d0_0, 0, 1;
T_3.0 ;
    %delay 10000, 0;
    %load/vec4 v0x55c295d344d0_0;
    %inv;
    %store/vec4 v0x55c295d344d0_0, 0, 1;
    %jmp T_3.0;
    %end;
    .thread T_3;
    .scope S_0x55c295d1eb80;
T_4 ;
    %pushi/vec4 0, 0, 1;
    %store/vec4 v0x55c295d345a0_0, 0, 1;
    %pushi/vec4 0, 0, 1;
    %store/vec4 v0x55c295d34300_0, 0, 1;
    %pushi/vec4 0, 0, 1;
    %store/vec4 v0x55c295d343d0_0, 0, 1;
    %delay 50000, 0;
    %pushi/vec4 1, 0, 1;
    %store/vec4 v0x55c295d343d0_0, 0, 1;
    %pushi/vec4 1, 0, 1;
    %store/vec4 v0x55c295d34300_0, 0, 1;
    %delay 2000000, 0;
    %pushi/vec4 0, 0, 1;
    %store/vec4 v0x55c295d343d0_0, 0, 1;
    %pushi/vec4 0, 0, 1;
    %store/vec4 v0x55c295d34300_0, 0, 1;
    %delay 100000, 0;
    %vpi_call 2 45 "$finish" {0 0 0};
    %end;
    .thread T_4;
    .scope S_0x55c295d1eb80;
T_5 ;
    %vpi_call 2 50 "$dumpfile", "tb_avsdpll.vcd" {0 0 0};
    %vpi_call 2 51 "$dumpvars", 32'sb00000000000000000000000000000000, S_0x55c295d1eb80 {0 0 0};
    %end;
    .thread T_5;
# The file index is used to find the file name in the following table.
:file_names 4;
    "N/A";
    "<interactive>";
    "/home/vsduser/Desktop/VSDBabySoC/src/module/tb_avsdpll.v";
    "/home/vsduser/Desktop/VSDBabySoC/src/module/avsdpll.v";
